CRITICAL - 2022-02-20 02:44:35 --> Undefined property: App\Controllers\Controlador_Login::$input
#0 C:\xampp\htdocs\app\Controllers\Controlador_Login.php(34): CodeIgniter\Debug\Exceptions->errorHandler(2, 'Undefined prope...', 'C:\\xampp\\htdocs...', 34)
#1 C:\xampp\htdocs\system\CodeIgniter.php(825): App\Controllers\Controlador_Login->Registro_usuario()
#2 C:\xampp\htdocs\system\CodeIgniter.php(412): CodeIgniter\CodeIgniter->runController(Object(App\Controllers\Controlador_Login))
#3 C:\xampp\htdocs\system\CodeIgniter.php(320): CodeIgniter\CodeIgniter->handleRequest(NULL, Object(Config\Cache), false)
#4 C:\xampp\htdocs\public\index.php(37): CodeIgniter\CodeIgniter->run()
#5 {main}
CRITICAL - 2022-02-20 02:45:58 --> syntax error, unexpected token "(", expecting identifier or variable or "{" or "$"
#0 C:\xampp\htdocs\system\Autoloader\Autoloader.php(241): CodeIgniter\Autoloader\Autoloader->includeFile('C:\\xampp\\htdocs...')
#1 C:\xampp\htdocs\system\Autoloader\Autoloader.php(219): CodeIgniter\Autoloader\Autoloader->loadInNamespace('App\\Controllers...')
#2 [internal function]: CodeIgniter\Autoloader\Autoloader->loadClass('App\\Controllers...')
#3 C:\xampp\htdocs\system\CodeIgniter.php(790): class_exists('\\App\\Controller...', true)
#4 C:\xampp\htdocs\system\CodeIgniter.php(399): CodeIgniter\CodeIgniter->startController()
#5 C:\xampp\htdocs\system\CodeIgniter.php(320): CodeIgniter\CodeIgniter->handleRequest(NULL, Object(Config\Cache), false)
#6 C:\xampp\htdocs\public\index.php(37): CodeIgniter\CodeIgniter->run()
#7 {main}
CRITICAL - 2022-02-20 02:46:02 --> syntax error, unexpected token "(", expecting identifier or variable or "{" or "$"
#0 C:\xampp\htdocs\system\Autoloader\Autoloader.php(241): CodeIgniter\Autoloader\Autoloader->includeFile('C:\\xampp\\htdocs...')
#1 C:\xampp\htdocs\system\Autoloader\Autoloader.php(219): CodeIgniter\Autoloader\Autoloader->loadInNamespace('App\\Controllers...')
#2 [internal function]: CodeIgniter\Autoloader\Autoloader->loadClass('App\\Controllers...')
#3 C:\xampp\htdocs\system\CodeIgniter.php(790): class_exists('\\App\\Controller...', true)
#4 C:\xampp\htdocs\system\CodeIgniter.php(399): CodeIgniter\CodeIgniter->startController()
#5 C:\xampp\htdocs\system\CodeIgniter.php(320): CodeIgniter\CodeIgniter->handleRequest(NULL, Object(Config\Cache), false)
#6 C:\xampp\htdocs\public\index.php(37): CodeIgniter\CodeIgniter->run()
#7 {main}
CRITICAL - 2022-02-20 02:46:18 --> syntax error, unexpected token "(", expecting identifier or variable or "{" or "$"
#0 C:\xampp\htdocs\system\Autoloader\Autoloader.php(241): CodeIgniter\Autoloader\Autoloader->includeFile('C:\\xampp\\htdocs...')
#1 C:\xampp\htdocs\system\Autoloader\Autoloader.php(219): CodeIgniter\Autoloader\Autoloader->loadInNamespace('App\\Controllers...')
#2 [internal function]: CodeIgniter\Autoloader\Autoloader->loadClass('App\\Controllers...')
#3 C:\xampp\htdocs\system\CodeIgniter.php(790): class_exists('\\App\\Controller...', true)
#4 C:\xampp\htdocs\system\CodeIgniter.php(399): CodeIgniter\CodeIgniter->startController()
#5 C:\xampp\htdocs\system\CodeIgniter.php(320): CodeIgniter\CodeIgniter->handleRequest(NULL, Object(Config\Cache), false)
#6 C:\xampp\htdocs\public\index.php(37): CodeIgniter\CodeIgniter->run()
#7 {main}
CRITICAL - 2022-02-20 03:04:39 --> Undefined property: App\Controllers\Controlador_Login::$Model_Login
#0 C:\xampp\htdocs\app\Controllers\Controlador_Login.php(43): CodeIgniter\Debug\Exceptions->errorHandler(2, 'Undefined prope...', 'C:\\xampp\\htdocs...', 43)
#1 C:\xampp\htdocs\system\CodeIgniter.php(825): App\Controllers\Controlador_Login->Registro_usuario()
#2 C:\xampp\htdocs\system\CodeIgniter.php(412): CodeIgniter\CodeIgniter->runController(Object(App\Controllers\Controlador_Login))
#3 C:\xampp\htdocs\system\CodeIgniter.php(320): CodeIgniter\CodeIgniter->handleRequest(NULL, Object(Config\Cache), false)
#4 C:\xampp\htdocs\public\index.php(37): CodeIgniter\CodeIgniter->run()
#5 {main}
CRITICAL - 2022-02-20 03:05:03 --> Undefined property: App\Controllers\Controlador_Login::$Modelo_Login
#0 C:\xampp\htdocs\app\Controllers\Controlador_Login.php(43): CodeIgniter\Debug\Exceptions->errorHandler(2, 'Undefined prope...', 'C:\\xampp\\htdocs...', 43)
#1 C:\xampp\htdocs\system\CodeIgniter.php(825): App\Controllers\Controlador_Login->Registro_usuario()
#2 C:\xampp\htdocs\system\CodeIgniter.php(412): CodeIgniter\CodeIgniter->runController(Object(App\Controllers\Controlador_Login))
#3 C:\xampp\htdocs\system\CodeIgniter.php(320): CodeIgniter\CodeIgniter->handleRequest(NULL, Object(Config\Cache), false)
#4 C:\xampp\htdocs\public\index.php(37): CodeIgniter\CodeIgniter->run()
#5 {main}
CRITICAL - 2022-02-20 03:11:20 --> Call to undefined method CodeIgniter\Database\MySQLi\Connection::insert()
#0 C:\xampp\htdocs\app\Controllers\Controlador_Login.php(52): App\Models\Modelo_Login->Registrar_usuario(Array)
#1 C:\xampp\htdocs\system\CodeIgniter.php(825): App\Controllers\Controlador_Login->Registro_usuario()
#2 C:\xampp\htdocs\system\CodeIgniter.php(412): CodeIgniter\CodeIgniter->runController(Object(App\Controllers\Controlador_Login))
#3 C:\xampp\htdocs\system\CodeIgniter.php(320): CodeIgniter\CodeIgniter->handleRequest(NULL, Object(Config\Cache), false)
#4 C:\xampp\htdocs\public\index.php(37): CodeIgniter\CodeIgniter->run()
#5 {main}
CRITICAL - 2022-02-20 03:11:55 --> Call to undefined method CodeIgniter\Database\MySQLi\Connection::insert()
#0 C:\xampp\htdocs\app\Controllers\Controlador_Login.php(52): App\Models\Modelo_Login->Registrar_usuario(Array)
#1 C:\xampp\htdocs\system\CodeIgniter.php(825): App\Controllers\Controlador_Login->Registro_usuario()
#2 C:\xampp\htdocs\system\CodeIgniter.php(412): CodeIgniter\CodeIgniter->runController(Object(App\Controllers\Controlador_Login))
#3 C:\xampp\htdocs\system\CodeIgniter.php(320): CodeIgniter\CodeIgniter->handleRequest(NULL, Object(Config\Cache), false)
#4 C:\xampp\htdocs\public\index.php(37): CodeIgniter\CodeIgniter->run()
#5 {main}
CRITICAL - 2022-02-20 03:23:42 --> usuarios is not a valid database connection group.
#0 C:\xampp\htdocs\system\Model.php(97): CodeIgniter\Database\Config::connect('usuarios')
#1 C:\xampp\htdocs\app\Controllers\Controlador_Login.php(15): CodeIgniter\Model->__construct()
#2 C:\xampp\htdocs\system\CodeIgniter.php(802): App\Controllers\Controlador_Login->__construct()
#3 C:\xampp\htdocs\system\CodeIgniter.php(403): CodeIgniter\CodeIgniter->createController()
#4 C:\xampp\htdocs\system\CodeIgniter.php(320): CodeIgniter\CodeIgniter->handleRequest(NULL, Object(Config\Cache), false)
#5 C:\xampp\htdocs\public\index.php(37): CodeIgniter\CodeIgniter->run()
#6 {main}
CRITICAL - 2022-02-20 03:23:44 --> usuarios is not a valid database connection group.
#0 C:\xampp\htdocs\system\Model.php(97): CodeIgniter\Database\Config::connect('usuarios')
#1 C:\xampp\htdocs\app\Controllers\Controlador_Login.php(15): CodeIgniter\Model->__construct()
#2 C:\xampp\htdocs\system\CodeIgniter.php(802): App\Controllers\Controlador_Login->__construct()
#3 C:\xampp\htdocs\system\CodeIgniter.php(403): CodeIgniter\CodeIgniter->createController()
#4 C:\xampp\htdocs\system\CodeIgniter.php(320): CodeIgniter\CodeIgniter->handleRequest(NULL, Object(Config\Cache), false)
#5 C:\xampp\htdocs\public\index.php(37): CodeIgniter\CodeIgniter->run()
#6 {main}
CRITICAL - 2022-02-20 03:23:58 --> codeigniter4 is not a valid database connection group.
#0 C:\xampp\htdocs\system\Model.php(97): CodeIgniter\Database\Config::connect('codeigniter4')
#1 C:\xampp\htdocs\app\Controllers\Controlador_Login.php(15): CodeIgniter\Model->__construct()
#2 C:\xampp\htdocs\system\CodeIgniter.php(802): App\Controllers\Controlador_Login->__construct()
#3 C:\xampp\htdocs\system\CodeIgniter.php(403): CodeIgniter\CodeIgniter->createController()
#4 C:\xampp\htdocs\system\CodeIgniter.php(320): CodeIgniter\CodeIgniter->handleRequest(NULL, Object(Config\Cache), false)
#5 C:\xampp\htdocs\public\index.php(37): CodeIgniter\CodeIgniter->run()
#6 {main}
CRITICAL - 2022-02-20 03:24:52 --> Undefined variable $userModel
#0 C:\xampp\htdocs\app\Models\Modelo_Login.php(18): CodeIgniter\Debug\Exceptions->errorHandler(2, 'Undefined varia...', 'C:\\xampp\\htdocs...', 18)
#1 C:\xampp\htdocs\app\Controllers\Controlador_Login.php(52): App\Models\Modelo_Login->Registrar_usuario(Array)
#2 C:\xampp\htdocs\system\CodeIgniter.php(825): App\Controllers\Controlador_Login->Registro_usuario()
#3 C:\xampp\htdocs\system\CodeIgniter.php(412): CodeIgniter\CodeIgniter->runController(Object(App\Controllers\Controlador_Login))
#4 C:\xampp\htdocs\system\CodeIgniter.php(320): CodeIgniter\CodeIgniter->handleRequest(NULL, Object(Config\Cache), false)
#5 C:\xampp\htdocs\public\index.php(37): CodeIgniter\CodeIgniter->run()
#6 {main}
CRITICAL - 2022-02-20 03:27:26 --> Class "App\Models\userModel" not found
#0 C:\xampp\htdocs\app\Controllers\Controlador_Login.php(52): App\Models\Modelo_Login->Registrar_usuario(Array)
#1 C:\xampp\htdocs\system\CodeIgniter.php(825): App\Controllers\Controlador_Login->Registro_usuario()
#2 C:\xampp\htdocs\system\CodeIgniter.php(412): CodeIgniter\CodeIgniter->runController(Object(App\Controllers\Controlador_Login))
#3 C:\xampp\htdocs\system\CodeIgniter.php(320): CodeIgniter\CodeIgniter->handleRequest(NULL, Object(Config\Cache), false)
#4 C:\xampp\htdocs\public\index.php(37): CodeIgniter\CodeIgniter->run()
#5 {main}
CRITICAL - 2022-02-20 03:33:47 --> syntax error, unexpected variable "$userModel", expecting "function" or "const"
#0 C:\xampp\htdocs\system\Autoloader\Autoloader.php(241): CodeIgniter\Autoloader\Autoloader->includeFile('C:\\xampp\\htdocs...')
#1 C:\xampp\htdocs\system\Autoloader\Autoloader.php(219): CodeIgniter\Autoloader\Autoloader->loadInNamespace('App\\Models\\Mode...')
#2 C:\xampp\htdocs\app\Controllers\Controlador_Login.php(15): CodeIgniter\Autoloader\Autoloader->loadClass('App\\Models\\Mode...')
#3 C:\xampp\htdocs\system\CodeIgniter.php(802): App\Controllers\Controlador_Login->__construct()
#4 C:\xampp\htdocs\system\CodeIgniter.php(403): CodeIgniter\CodeIgniter->createController()
#5 C:\xampp\htdocs\system\CodeIgniter.php(320): CodeIgniter\CodeIgniter->handleRequest(NULL, Object(Config\Cache), false)
#6 C:\xampp\htdocs\public\index.php(37): CodeIgniter\CodeIgniter->run()
#7 {main}
CRITICAL - 2022-02-20 03:34:44 --> Class "App\Models\userModel" not found
#0 C:\xampp\htdocs\app\Controllers\Controlador_Login.php(15): App\Models\Modelo_Login->__construct()
#1 C:\xampp\htdocs\system\CodeIgniter.php(802): App\Controllers\Controlador_Login->__construct()
#2 C:\xampp\htdocs\system\CodeIgniter.php(403): CodeIgniter\CodeIgniter->createController()
#3 C:\xampp\htdocs\system\CodeIgniter.php(320): CodeIgniter\CodeIgniter->handleRequest(NULL, Object(Config\Cache), false)
#4 C:\xampp\htdocs\public\index.php(37): CodeIgniter\CodeIgniter->run()
#5 {main}
CRITICAL - 2022-02-20 03:34:50 --> Class "App\Models\userModel" not found
#0 C:\xampp\htdocs\app\Controllers\Controlador_Login.php(15): App\Models\Modelo_Login->__construct()
#1 C:\xampp\htdocs\system\CodeIgniter.php(802): App\Controllers\Controlador_Login->__construct()
#2 C:\xampp\htdocs\system\CodeIgniter.php(403): CodeIgniter\CodeIgniter->createController()
#3 C:\xampp\htdocs\system\CodeIgniter.php(320): CodeIgniter\CodeIgniter->handleRequest(NULL, Object(Config\Cache), false)
#4 C:\xampp\htdocs\public\index.php(37): CodeIgniter\CodeIgniter->run()
#5 {main}
CRITICAL - 2022-02-20 03:35:29 --> Class "App\Models\userModel" not found
#0 C:\xampp\htdocs\app\Controllers\Controlador_Login.php(15): App\Models\Modelo_Login->__construct()
#1 C:\xampp\htdocs\system\CodeIgniter.php(802): App\Controllers\Controlador_Login->__construct()
#2 C:\xampp\htdocs\system\CodeIgniter.php(403): CodeIgniter\CodeIgniter->createController()
#3 C:\xampp\htdocs\system\CodeIgniter.php(320): CodeIgniter\CodeIgniter->handleRequest(NULL, Object(Config\Cache), false)
#4 C:\xampp\htdocs\public\index.php(37): CodeIgniter\CodeIgniter->run()
#5 {main}
CRITICAL - 2022-02-20 04:00:17 --> syntax error, unexpected identifier "print_r"
#0 C:\xampp\htdocs\system\Autoloader\Autoloader.php(241): CodeIgniter\Autoloader\Autoloader->includeFile('C:\\xampp\\htdocs...')
#1 C:\xampp\htdocs\system\Autoloader\Autoloader.php(219): CodeIgniter\Autoloader\Autoloader->loadInNamespace('App\\Controllers...')
#2 [internal function]: CodeIgniter\Autoloader\Autoloader->loadClass('App\\Controllers...')
#3 C:\xampp\htdocs\system\CodeIgniter.php(790): class_exists('\\App\\Controller...', true)
#4 C:\xampp\htdocs\system\CodeIgniter.php(399): CodeIgniter\CodeIgniter->startController()
#5 C:\xampp\htdocs\system\CodeIgniter.php(320): CodeIgniter\CodeIgniter->handleRequest(NULL, Object(Config\Cache), false)
#6 C:\xampp\htdocs\public\index.php(37): CodeIgniter\CodeIgniter->run()
#7 {main}
CRITICAL - 2022-02-20 04:00:31 --> syntax error, unexpected token "return"
#0 C:\xampp\htdocs\system\Autoloader\Autoloader.php(241): CodeIgniter\Autoloader\Autoloader->includeFile('C:\\xampp\\htdocs...')
#1 C:\xampp\htdocs\system\Autoloader\Autoloader.php(219): CodeIgniter\Autoloader\Autoloader->loadInNamespace('App\\Controllers...')
#2 [internal function]: CodeIgniter\Autoloader\Autoloader->loadClass('App\\Controllers...')
#3 C:\xampp\htdocs\system\CodeIgniter.php(790): class_exists('\\App\\Controller...', true)
#4 C:\xampp\htdocs\system\CodeIgniter.php(399): CodeIgniter\CodeIgniter->startController()
#5 C:\xampp\htdocs\system\CodeIgniter.php(320): CodeIgniter\CodeIgniter->handleRequest(NULL, Object(Config\Cache), false)
#6 C:\xampp\htdocs\public\index.php(37): CodeIgniter\CodeIgniter->run()
#7 {main}
