ERROR - 2022-03-30 17:42:03 --> Column 'correo' cannot be null
CRITICAL - 2022-03-30 17:42:03 --> Call to a member function move() on null
#0 C:\xampp\htdocs\system\CodeIgniter.php(825): App\Controllers\Controlador_Login->Registro_usuario()
#1 C:\xampp\htdocs\system\CodeIgniter.php(412): CodeIgniter\CodeIgniter->runController(Object(App\Controllers\Controlador_Login))
#2 C:\xampp\htdocs\system\CodeIgniter.php(320): CodeIgniter\CodeIgniter->handleRequest(NULL, Object(Config\Cache), false)
#3 C:\xampp\htdocs\public\index.php(37): CodeIgniter\CodeIgniter->run()
#4 {main}
ERROR - 2022-03-30 17:42:42 --> Column 'correo' cannot be null
CRITICAL - 2022-03-30 17:42:42 --> Call to a member function move() on null
#0 C:\xampp\htdocs\system\CodeIgniter.php(825): App\Controllers\Controlador_Login->Registro_usuario()
#1 C:\xampp\htdocs\system\CodeIgniter.php(412): CodeIgniter\CodeIgniter->runController(Object(App\Controllers\Controlador_Login))
#2 C:\xampp\htdocs\system\CodeIgniter.php(320): CodeIgniter\CodeIgniter->handleRequest(NULL, Object(Config\Cache), false)
#3 C:\xampp\htdocs\public\index.php(37): CodeIgniter\CodeIgniter->run()
#4 {main}
ERROR - 2022-03-30 17:43:35 --> Column 'correo' cannot be null
ERROR - 2022-03-30 17:44:21 --> Column 'correo' cannot be null
CRITICAL - 2022-03-30 17:53:41 --> syntax error, unexpected token "else", expecting end of file
#0 C:\xampp\htdocs\system\View\View.php(213): CodeIgniter\View\View->CodeIgniter\View\{closure}()
#1 C:\xampp\htdocs\system\Common.php(1089): CodeIgniter\View\View->render('Contenido/Index', Array, true)
#2 C:\xampp\htdocs\app\Controllers\Controlador_Login.php(95): view('Contenido/Index')
#3 C:\xampp\htdocs\system\CodeIgniter.php(825): App\Controllers\Controlador_Login->Iniciar_sesion()
#4 C:\xampp\htdocs\system\CodeIgniter.php(412): CodeIgniter\CodeIgniter->runController(Object(App\Controllers\Controlador_Login))
#5 C:\xampp\htdocs\system\CodeIgniter.php(320): CodeIgniter\CodeIgniter->handleRequest(NULL, Object(Config\Cache), false)
#6 C:\xampp\htdocs\public\index.php(37): CodeIgniter\CodeIgniter->run()
#7 {main}
CRITICAL - 2022-03-30 20:32:15 --> Undefined variable $vcontraseña
#0 C:\xampp\htdocs\app\Views\Contenido\proveedores_editar.php(405): CodeIgniter\Debug\Exceptions->errorHandler(2, 'Undefined varia...', 'C:\\xampp\\htdocs...', 405)
#1 C:\xampp\htdocs\system\View\View.php(210): include('C:\\xampp\\htdocs...')
#2 C:\xampp\htdocs\system\View\View.php(213): CodeIgniter\View\View->CodeIgniter\View\{closure}()
#3 C:\xampp\htdocs\system\Common.php(1089): CodeIgniter\View\View->render('Contenido/prove...', Array, true)
#4 C:\xampp\htdocs\app\Controllers\Controlador_Contenido.php(90): view('Contenido/prove...', Array)
#5 C:\xampp\htdocs\system\CodeIgniter.php(825): App\Controllers\Controlador_Contenido->editar_proveedor('3')
#6 C:\xampp\htdocs\system\CodeIgniter.php(412): CodeIgniter\CodeIgniter->runController(Object(App\Controllers\Controlador_Contenido))
#7 C:\xampp\htdocs\system\CodeIgniter.php(320): CodeIgniter\CodeIgniter->handleRequest(NULL, Object(Config\Cache), false)
#8 C:\xampp\htdocs\public\index.php(37): CodeIgniter\CodeIgniter->run()
#9 {main}
