CRITICAL - 2022-02-26 17:13:21 --> syntax error, unexpected token "=>"
#0 C:\xampp\htdocs\system\Autoloader\Autoloader.php(241): CodeIgniter\Autoloader\Autoloader->includeFile('C:\\xampp\\htdocs...')
#1 C:\xampp\htdocs\system\Autoloader\Autoloader.php(219): CodeIgniter\Autoloader\Autoloader->loadInNamespace('App\\Models\\Mode...')
#2 C:\xampp\htdocs\app\Controllers\Controlador_Login.php(37): CodeIgniter\Autoloader\Autoloader->loadClass('App\\Models\\Mode...')
#3 C:\xampp\htdocs\system\CodeIgniter.php(825): App\Controllers\Controlador_Login->Registro_usuario()
#4 C:\xampp\htdocs\system\CodeIgniter.php(412): CodeIgniter\CodeIgniter->runController(Object(App\Controllers\Controlador_Login))
#5 C:\xampp\htdocs\system\CodeIgniter.php(320): CodeIgniter\CodeIgniter->handleRequest(NULL, Object(Config\Cache), false)
#6 C:\xampp\htdocs\public\index.php(37): CodeIgniter\CodeIgniter->run()
#7 {main}
CRITICAL - 2022-02-26 17:15:04 --> syntax error, unexpected token "=>"
#0 C:\xampp\htdocs\system\Autoloader\Autoloader.php(241): CodeIgniter\Autoloader\Autoloader->includeFile('C:\\xampp\\htdocs...')
#1 C:\xampp\htdocs\system\Autoloader\Autoloader.php(219): CodeIgniter\Autoloader\Autoloader->loadInNamespace('App\\Models\\Mode...')
#2 C:\xampp\htdocs\app\Controllers\Controlador_Login.php(37): CodeIgniter\Autoloader\Autoloader->loadClass('App\\Models\\Mode...')
#3 C:\xampp\htdocs\system\CodeIgniter.php(825): App\Controllers\Controlador_Login->Registro_usuario()
#4 C:\xampp\htdocs\system\CodeIgniter.php(412): CodeIgniter\CodeIgniter->runController(Object(App\Controllers\Controlador_Login))
#5 C:\xampp\htdocs\system\CodeIgniter.php(320): CodeIgniter\CodeIgniter->handleRequest(NULL, Object(Config\Cache), false)
#6 C:\xampp\htdocs\public\index.php(37): CodeIgniter\CodeIgniter->run()
#7 {main}
CRITICAL - 2022-02-26 17:15:33 --> syntax error, unexpected token "=>"
#0 C:\xampp\htdocs\system\Autoloader\Autoloader.php(241): CodeIgniter\Autoloader\Autoloader->includeFile('C:\\xampp\\htdocs...')
#1 C:\xampp\htdocs\system\Autoloader\Autoloader.php(219): CodeIgniter\Autoloader\Autoloader->loadInNamespace('App\\Models\\Mode...')
#2 C:\xampp\htdocs\app\Controllers\Controlador_Login.php(37): CodeIgniter\Autoloader\Autoloader->loadClass('App\\Models\\Mode...')
#3 C:\xampp\htdocs\system\CodeIgniter.php(825): App\Controllers\Controlador_Login->Registro_usuario()
#4 C:\xampp\htdocs\system\CodeIgniter.php(412): CodeIgniter\CodeIgniter->runController(Object(App\Controllers\Controlador_Login))
#5 C:\xampp\htdocs\system\CodeIgniter.php(320): CodeIgniter\CodeIgniter->handleRequest(NULL, Object(Config\Cache), false)
#6 C:\xampp\htdocs\public\index.php(37): CodeIgniter\CodeIgniter->run()
#7 {main}
CRITICAL - 2022-02-26 17:16:19 --> syntax error, unexpected token "=>"
#0 C:\xampp\htdocs\system\Autoloader\Autoloader.php(241): CodeIgniter\Autoloader\Autoloader->includeFile('C:\\xampp\\htdocs...')
#1 C:\xampp\htdocs\system\Autoloader\Autoloader.php(219): CodeIgniter\Autoloader\Autoloader->loadInNamespace('App\\Models\\Mode...')
#2 C:\xampp\htdocs\app\Controllers\Controlador_Login.php(37): CodeIgniter\Autoloader\Autoloader->loadClass('App\\Models\\Mode...')
#3 C:\xampp\htdocs\system\CodeIgniter.php(825): App\Controllers\Controlador_Login->Registro_usuario()
#4 C:\xampp\htdocs\system\CodeIgniter.php(412): CodeIgniter\CodeIgniter->runController(Object(App\Controllers\Controlador_Login))
#5 C:\xampp\htdocs\system\CodeIgniter.php(320): CodeIgniter\CodeIgniter->handleRequest(NULL, Object(Config\Cache), false)
#6 C:\xampp\htdocs\public\index.php(37): CodeIgniter\CodeIgniter->run()
#7 {main}
CRITICAL - 2022-02-26 17:26:32 --> syntax error, unexpected token "=>"
#0 C:\xampp\htdocs\system\Autoloader\Autoloader.php(241): CodeIgniter\Autoloader\Autoloader->includeFile('C:\\xampp\\htdocs...')
#1 C:\xampp\htdocs\system\Autoloader\Autoloader.php(219): CodeIgniter\Autoloader\Autoloader->loadInNamespace('App\\Models\\Mode...')
#2 C:\xampp\htdocs\app\Controllers\Controlador_Login.php(37): CodeIgniter\Autoloader\Autoloader->loadClass('App\\Models\\Mode...')
#3 C:\xampp\htdocs\system\CodeIgniter.php(825): App\Controllers\Controlador_Login->Registro_usuario()
#4 C:\xampp\htdocs\system\CodeIgniter.php(412): CodeIgniter\CodeIgniter->runController(Object(App\Controllers\Controlador_Login))
#5 C:\xampp\htdocs\system\CodeIgniter.php(320): CodeIgniter\CodeIgniter->handleRequest(NULL, Object(Config\Cache), false)
#6 C:\xampp\htdocs\public\index.php(37): CodeIgniter\CodeIgniter->run()
#7 {main}
CRITICAL - 2022-02-26 17:27:48 --> syntax error, unexpected token "=>"
#0 C:\xampp\htdocs\system\Autoloader\Autoloader.php(241): CodeIgniter\Autoloader\Autoloader->includeFile('C:\\xampp\\htdocs...')
#1 C:\xampp\htdocs\system\Autoloader\Autoloader.php(219): CodeIgniter\Autoloader\Autoloader->loadInNamespace('App\\Models\\Mode...')
#2 C:\xampp\htdocs\app\Controllers\Controlador_Login.php(37): CodeIgniter\Autoloader\Autoloader->loadClass('App\\Models\\Mode...')
#3 C:\xampp\htdocs\system\CodeIgniter.php(825): App\Controllers\Controlador_Login->Registro_usuario()
#4 C:\xampp\htdocs\system\CodeIgniter.php(412): CodeIgniter\CodeIgniter->runController(Object(App\Controllers\Controlador_Login))
#5 C:\xampp\htdocs\system\CodeIgniter.php(320): CodeIgniter\CodeIgniter->handleRequest(NULL, Object(Config\Cache), false)
#6 C:\xampp\htdocs\public\index.php(37): CodeIgniter\CodeIgniter->run()
#7 {main}
CRITICAL - 2022-02-26 17:28:55 --> syntax error, unexpected token "=>"
#0 C:\xampp\htdocs\system\Autoloader\Autoloader.php(241): CodeIgniter\Autoloader\Autoloader->includeFile('C:\\xampp\\htdocs...')
#1 C:\xampp\htdocs\system\Autoloader\Autoloader.php(219): CodeIgniter\Autoloader\Autoloader->loadInNamespace('App\\Models\\Mode...')
#2 C:\xampp\htdocs\app\Controllers\Controlador_Login.php(37): CodeIgniter\Autoloader\Autoloader->loadClass('App\\Models\\Mode...')
#3 C:\xampp\htdocs\system\CodeIgniter.php(825): App\Controllers\Controlador_Login->Registro_usuario()
#4 C:\xampp\htdocs\system\CodeIgniter.php(412): CodeIgniter\CodeIgniter->runController(Object(App\Controllers\Controlador_Login))
#5 C:\xampp\htdocs\system\CodeIgniter.php(320): CodeIgniter\CodeIgniter->handleRequest(NULL, Object(Config\Cache), false)
#6 C:\xampp\htdocs\public\index.php(37): CodeIgniter\CodeIgniter->run()
#7 {main}
CRITICAL - 2022-02-26 17:29:09 --> syntax error, unexpected token "=>"
#0 C:\xampp\htdocs\system\Autoloader\Autoloader.php(241): CodeIgniter\Autoloader\Autoloader->includeFile('C:\\xampp\\htdocs...')
#1 C:\xampp\htdocs\system\Autoloader\Autoloader.php(219): CodeIgniter\Autoloader\Autoloader->loadInNamespace('App\\Models\\Mode...')
#2 C:\xampp\htdocs\app\Controllers\Controlador_Login.php(37): CodeIgniter\Autoloader\Autoloader->loadClass('App\\Models\\Mode...')
#3 C:\xampp\htdocs\system\CodeIgniter.php(825): App\Controllers\Controlador_Login->Registro_usuario()
#4 C:\xampp\htdocs\system\CodeIgniter.php(412): CodeIgniter\CodeIgniter->runController(Object(App\Controllers\Controlador_Login))
#5 C:\xampp\htdocs\system\CodeIgniter.php(320): CodeIgniter\CodeIgniter->handleRequest(NULL, Object(Config\Cache), false)
#6 C:\xampp\htdocs\public\index.php(37): CodeIgniter\CodeIgniter->run()
#7 {main}
