CRITICAL - 2022-02-17 02:13:55 --> Invalid file: Registrar_usuario.php
#0 C:\xampp\htdocs\system\View\View.php(198): CodeIgniter\Exceptions\FrameworkException::forInvalidFile('Registrar_usuar...')
#1 C:\xampp\htdocs\system\Common.php(1089): CodeIgniter\View\View->render('Registrar_usuar...', Array, true)
#2 C:\xampp\htdocs\app\Controllers\Controlador_Login.php(14): view('Registrar_usuar...')
#3 C:\xampp\htdocs\system\CodeIgniter.php(825): App\Controllers\Controlador_Login->registrar()
#4 C:\xampp\htdocs\system\CodeIgniter.php(412): CodeIgniter\CodeIgniter->runController(Object(App\Controllers\Controlador_Login))
#5 C:\xampp\htdocs\system\CodeIgniter.php(320): CodeIgniter\CodeIgniter->handleRequest(NULL, Object(Config\Cache), false)
#6 C:\xampp\htdocs\public\index.php(37): CodeIgniter\CodeIgniter->run()
#7 {main}
CRITICAL - 2022-02-17 02:14:13 --> Invalid file: Registrar_usuario.php
#0 C:\xampp\htdocs\system\View\View.php(198): CodeIgniter\Exceptions\FrameworkException::forInvalidFile('Registrar_usuar...')
#1 C:\xampp\htdocs\system\Common.php(1089): CodeIgniter\View\View->render('Registrar_usuar...', Array, true)
#2 C:\xampp\htdocs\app\Controllers\Controlador_Login.php(14): view('Registrar_usuar...')
#3 C:\xampp\htdocs\system\CodeIgniter.php(825): App\Controllers\Controlador_Login->registrar()
#4 C:\xampp\htdocs\system\CodeIgniter.php(412): CodeIgniter\CodeIgniter->runController(Object(App\Controllers\Controlador_Login))
#5 C:\xampp\htdocs\system\CodeIgniter.php(320): CodeIgniter\CodeIgniter->handleRequest(NULL, Object(Config\Cache), false)
#6 C:\xampp\htdocs\public\index.php(37): CodeIgniter\CodeIgniter->run()
#7 {main}
CRITICAL - 2022-02-17 02:14:31 --> Invalid file: Registrar_usuario.php
#0 C:\xampp\htdocs\system\View\View.php(198): CodeIgniter\Exceptions\FrameworkException::forInvalidFile('Registrar_usuar...')
#1 C:\xampp\htdocs\system\Common.php(1089): CodeIgniter\View\View->render('Registrar_usuar...', Array, true)
#2 C:\xampp\htdocs\app\Controllers\Controlador_Login.php(14): view('Registrar_usuar...')
#3 C:\xampp\htdocs\system\CodeIgniter.php(825): App\Controllers\Controlador_Login->registrar()
#4 C:\xampp\htdocs\system\CodeIgniter.php(412): CodeIgniter\CodeIgniter->runController(Object(App\Controllers\Controlador_Login))
#5 C:\xampp\htdocs\system\CodeIgniter.php(320): CodeIgniter\CodeIgniter->handleRequest(NULL, Object(Config\Cache), false)
#6 C:\xampp\htdocs\public\index.php(37): CodeIgniter\CodeIgniter->run()
#7 {main}
CRITICAL - 2022-02-17 02:15:24 --> Invalid file: Registrar_usuario.php
#0 C:\xampp\htdocs\system\View\View.php(198): CodeIgniter\Exceptions\FrameworkException::forInvalidFile('Registrar_usuar...')
#1 C:\xampp\htdocs\system\Common.php(1089): CodeIgniter\View\View->render('Registrar_usuar...', Array, true)
#2 C:\xampp\htdocs\app\Controllers\Controlador_Login.php(14): view('Registrar_usuar...')
#3 C:\xampp\htdocs\system\CodeIgniter.php(825): App\Controllers\Controlador_Login->registrar()
#4 C:\xampp\htdocs\system\CodeIgniter.php(412): CodeIgniter\CodeIgniter->runController(Object(App\Controllers\Controlador_Login))
#5 C:\xampp\htdocs\system\CodeIgniter.php(320): CodeIgniter\CodeIgniter->handleRequest(NULL, Object(Config\Cache), false)
#6 C:\xampp\htdocs\public\index.php(37): CodeIgniter\CodeIgniter->run()
#7 {main}
CRITICAL - 2022-02-17 02:16:23 --> Invalid file: Registrar_usuario.php
#0 C:\xampp\htdocs\system\View\View.php(198): CodeIgniter\Exceptions\FrameworkException::forInvalidFile('Registrar_usuar...')
#1 C:\xampp\htdocs\system\Common.php(1089): CodeIgniter\View\View->render('Registrar_usuar...', Array, true)
#2 C:\xampp\htdocs\app\Controllers\Controlador_Login.php(14): view('Registrar_usuar...')
#3 C:\xampp\htdocs\system\CodeIgniter.php(825): App\Controllers\Controlador_Login->registrar()
#4 C:\xampp\htdocs\system\CodeIgniter.php(412): CodeIgniter\CodeIgniter->runController(Object(App\Controllers\Controlador_Login))
#5 C:\xampp\htdocs\system\CodeIgniter.php(320): CodeIgniter\CodeIgniter->handleRequest(NULL, Object(Config\Cache), false)
#6 C:\xampp\htdocs\public\index.php(37): CodeIgniter\CodeIgniter->run()
#7 {main}
